<?xml version="1.0" encoding="UTF-8"?>
<testng-results ignored="0" total="1" passed="1" failed="0" skipped="0">
  <reporter-output>
  </reporter-output>
  <suite started-at="2024-08-12T20:24:55 IST" name="Default suite" finished-at="2024-08-12T20:24:57 IST" duration-ms="1874">
    <groups>
    </groups>
    <test started-at="2024-08-12T20:24:55 IST" name="Default test" finished-at="2024-08-12T20:24:57 IST" duration-ms="1874">
      <class name="com.packge.in.UploadImple_Class">
        <test-method signature="uploadMethod()[pri:0, instance:com.packge.in.UploadImple_Class@111610e6]" started-at="2024-08-12T20:24:55 IST" name="uploadMethod" finished-at="2024-08-12T20:24:57 IST" duration-ms="1804" status="PASS">
          <reporter-output>
          </reporter-output>
        </test-method> <!-- uploadMethod -->
      </class> <!-- com.packge.in.UploadImple_Class -->
    </test> <!-- Default test -->
  </suite> <!-- Default suite -->
</testng-results>
