<?xml version="1.0" encoding="UTF-8"?>
<testng-results ignored="0" total="2" passed="2" failed="0" skipped="0">
  <reporter-output>
  </reporter-output>
  <suite started-at="2024-07-26T16:44:55 IST" name="Suite" finished-at="2024-07-26T16:45:07 IST" duration-ms="11615">
    <groups>
    </groups>
    <test started-at="2024-07-26T16:44:55 IST" name="Test" finished-at="2024-07-26T16:45:07 IST" duration-ms="11615">
      <class name="com.login.in.LoginPage">
        <test-method signature="alunch()[pri:0, instance:com.login.in.LoginPage@e350b40]" started-at="2024-07-26T16:44:56 IST" name="alunch" finished-at="2024-07-26T16:45:05 IST" duration-ms="9940" status="PASS">
          <reporter-output>
          </reporter-output>
        </test-method> <!-- alunch -->
        <test-method signature="loginApp(java.lang.String,java.lang.String)[pri:0, instance:com.login.in.LoginPage@e350b40]" started-at="2024-07-26T16:45:05 IST" name="loginApp" finished-at="2024-07-26T16:45:07 IST" duration-ms="1578" status="PASS">
          <params>
            <param index="0">
              <value>
                <![CDATA[purushothaminfo71@gmail.com]]>
              </value>
            </param>
            <param index="1">
              <value>
                <![CDATA[888@Hello]]>
              </value>
            </param>
          </params>
          <reporter-output>
          </reporter-output>
        </test-method> <!-- loginApp -->
      </class> <!-- com.login.in.LoginPage -->
    </test> <!-- Test -->
  </suite> <!-- Suite -->
</testng-results>
